<?xml version="1.0" encoding="UTF-8"?>
<!-- Generated by org.testng.reporters.JUnitReportReporter -->
<testsuite skipped="0" hostname="Lenovo-PC" name="com.qa.hubspot.tests.ContactsPageTest" tests="2" failures="0" timestamp="10 Oct 2020 23:05:21 GMT" time="18.184" errors="0">
  <testcase name="createContact" time="9.164" classname="com.qa.hubspot.tests.ContactsPageTest"/>
  <testcase name="createContact" time="9.020" classname="com.qa.hubspot.tests.ContactsPageTest"/>
</testsuite> <!-- com.qa.hubspot.tests.ContactsPageTest -->
