<?xml version="1.0" encoding="UTF-8"?>
<!-- Generated by org.testng.reporters.JUnitReportReporter -->
<testsuite skipped="0" hostname="Lenovo-PC" name="com.qa.hubspot.tests.HomePageTest" tests="8" failures="0" timestamp="11 Oct 2020 18:18:10 GMT" time="26.133" errors="0">
  <testcase name="verifyHomePageTitleTest" time="13.648" classname="com.qa.hubspot.tests.HomePageTest"/>
  <testcase name="verifyHomePageTitleTest" time="10.863" classname="com.qa.hubspot.tests.HomePageTest"/>
  <testcase name="verifyHomePageHeaderTest" time="0.568" classname="com.qa.hubspot.tests.HomePageTest"/>
  <testcase name="verifyHomePageHeaderTest" time="0.055" classname="com.qa.hubspot.tests.HomePageTest"/>
  <testcase name="verifyHeaderNavigationLinks" time="0.164" classname="com.qa.hubspot.tests.HomePageTest"/>
  <testcase name="verifyHeaderNavigationLinks" time="0.084" classname="com.qa.hubspot.tests.HomePageTest"/>
  <testcase name="verifyHomePageLoggedInUserNameAndUserIDTest" time="0.383" classname="com.qa.hubspot.tests.HomePageTest"/>
  <testcase name="verifyHomePageLoggedInUserNameAndUserIDTest" time="0.368" classname="com.qa.hubspot.tests.HomePageTest"/>
</testsuite> <!-- com.qa.hubspot.tests.HomePageTest -->
